\BOOKMARK [0][-]{chapter.1}{第1章  引言}{}% 1
\BOOKMARK [1][-]{section.1.1}{1.1 研究背景}{chapter.1}% 2
\BOOKMARK [1][-]{section.1.2}{1.2 系统要求}{chapter.1}% 3
\BOOKMARK [1][-]{section.1.3}{1.3 问题反馈}{chapter.1}% 4
\BOOKMARK [1][-]{section.1.4}{1.4 模板下载}{chapter.1}% 5
\BOOKMARK [0][-]{chapter.2}{第2章  使用PLUTO进行磁流体模拟的程序编写}{}% 6
\BOOKMARK [1][-]{section.2.1}{2.1 PLUTO软件简介}{chapter.2}% 7
\BOOKMARK [1][-]{section.2.2}{2.2 PLUTO基本使用}{chapter.2}% 8
\BOOKMARK [2][-]{subsection.2.2.1}{2.2.1 definition.h的编写}{section.2.2}% 9
\BOOKMARK [0][-]{chapter.3}{第3章  对超新星遗迹W51C的磁流体模拟及观测分析}{}% 10
\BOOKMARK [1][-]{section.3.1}{3.1 研究历史及意义}{chapter.3}% 11
\BOOKMARK [1][-]{section.3.2}{3.2 数据处理}{chapter.3}% 12
\BOOKMARK [1][-]{section.3.3}{3.3 模拟模型}{chapter.3}% 13
\BOOKMARK [1][-]{section.3.4}{3.4 观测分析及模拟结果}{chapter.3}% 14
\BOOKMARK [1][-]{section.3.5}{3.5 讨论}{chapter.3}% 15
\BOOKMARK [2][-]{subsection.3.5.1}{3.5.1 新的东北部的壳层}{section.3.5}% 16
\BOOKMARK [2][-]{subsection.3.5.2}{3.5.2 相互作用区域}{section.3.5}% 17
\BOOKMARK [1][-]{section.3.6}{3.6 总结}{chapter.3}% 18
\BOOKMARK [0][-]{chapter.4}{第4章  关于超新星遗迹的前身星星风如何影响其射电形态}{}% 19
\BOOKMARK [1][-]{section.4.1}{4.1 研究历史及意义}{chapter.4}% 20
\BOOKMARK [1][-]{section.4.2}{4.2 模拟模型}{chapter.4}% 21
\BOOKMARK [2][-]{subsection.4.2.1}{4.2.1 星风模型}{section.4.2}% 22
\BOOKMARK [2][-]{subsection.4.2.2}{4.2.2 超新星遗迹模型}{section.4.2}% 23
\BOOKMARK [1][-]{section.4.3}{4.3 结果和讨论}{chapter.4}% 24
\BOOKMARK [2][-]{subsection.4.3.1}{4.3.1 垂直事例}{section.4.3}% 25
\BOOKMARK [2][-]{subsection.4.3.2}{4.3.2 平行事例}{section.4.3}% 26
\BOOKMARK [1][-]{section.4.4}{4.4 总结}{chapter.4}% 27
\BOOKMARK [0][-]{appendix.A}{附录 A  工具型代码}{}% 28
\BOOKMARK [1][-]{section.A.1}{A.1 单位制计算}{appendix.A}% 29
\BOOKMARK [0][-]{section*.29}{参考文献}{}% 30
\BOOKMARK [0][-]{appendix*.31}{作者简历及攻读学位期间发表的学术论文与研究成果}{}% 31
\BOOKMARK [0][-]{appendix*.38}{致谢}{}% 32
